<?xml version="1.0" encoding="UTF-8"?>
<!-- Generated by org.testng.reporters.JUnitXMLReporter -->
<testsuite hostname="DESKTOP-C4PETOQ" name="Test" tests="1" failures="1" timestamp="5 Jan 2020 17:31:10 GMT" time="37.557" errors="0">
  <testcase name="open" time="37.47" classname="Regression.Run">
    <failure type="java.lang.NullPointerException">
      <![CDATA[java.lang.NullPointerException
	at Regression.Run.open(Run.java:23)
... Removed 25 stack frames]]>
    </failure>
  </testcase> <!-- open -->
</testsuite> <!-- Test -->
