<?xml version="1.0" encoding="UTF-8"?>
<testng-results skipped="0" failed="0" total="1" passed="1">
  <reporter-output>
    <line>
      <![CDATA[testmajjss]]>
    </line>
  </reporter-output>
  <suite name="Default suite" duration-ms="23462" started-at="2020-01-05T17:36:32Z" finished-at="2020-01-05T17:36:55Z">
    <groups>
    </groups>
    <test name="Default test" duration-ms="23462" started-at="2020-01-05T17:36:32Z" finished-at="2020-01-05T17:36:55Z">
      <class name="Regression.Run">
        <test-method status="PASS" signature="open()[pri:0, instance:Regression.Run@675d3402]" name="open" duration-ms="23433" started-at="2020-01-05T23:06:32Z" finished-at="2020-01-05T23:06:55Z">
          <reporter-output>
            <line>
              <![CDATA[testmajjss]]>
            </line>
          </reporter-output>
        </test-method> <!-- open -->
      </class> <!-- Regression.Run -->
    </test> <!-- Default test -->
  </suite> <!-- Default suite -->
</testng-results>
